<?xml version="1.0" encoding="UTF-8"?>
<!-- Generated by org.testng.reporters.JUnitReportReporter -->
<testsuite hostname="Uttam" failures="0" tests="3" name="com.mycompany.app.SoftAssert_demo_Test" time="10.703" errors="0" timestamp="2022-11-03T19:37:00 IST" skipped="0">
  <testcase classname="com.mycompany.app.SoftAssert_demo_Test" name="launchBrowser" time="10.580"/>
  <system-out/>
  <testcase classname="com.mycompany.app.SoftAssert_demo_Test" name="checktitle" time="0.112"/>
  <system-out/>
  <testcase classname="com.mycompany.app.SoftAssert_demo_Test" name="checkURL" time="0.011"/>
  <system-out/>
</testsuite> <!-- com.mycompany.app.SoftAssert_demo_Test -->
