<?xml version="1.0" encoding="UTF-8"?>
<!-- Generated by org.testng.reporters.JUnitReportReporter -->
<testsuite hostname="Uttam" failures="0" tests="5" name="com.mycompany.app.Dataprovider_demo_Test" time="92.182" errors="0" timestamp="2022-11-03T19:37:00 IST" skipped="0">
  <testcase classname="com.mycompany.app.Dataprovider_demo_Test" name="kite_login" time="18.521"/>
  <system-out/>
  <testcase classname="com.mycompany.app.Dataprovider_demo_Test" name="kite_login" time="15.459"/>
  <system-out/>
  <testcase classname="com.mycompany.app.Dataprovider_demo_Test" name="kite_login" time="19.608"/>
  <system-out/>
  <testcase classname="com.mycompany.app.Dataprovider_demo_Test" name="kite_login" time="18.935"/>
  <system-out/>
  <testcase classname="com.mycompany.app.Dataprovider_demo_Test" name="kite_login" time="19.659"/>
  <system-out/>
</testsuite> <!-- com.mycompany.app.Dataprovider_demo_Test -->
