<?xml version="1.0" encoding="UTF-8"?>
<!-- Generated by org.testng.reporters.JUnitReportReporter -->
<testsuite hostname="Uttam" failures="0" tests="5" name="com.mycompany.app.Dataprovider_demo1" time="64.843" errors="0" timestamp="2022-11-03T14:03:52 IST" skipped="0">
  <testcase classname="com.mycompany.app.Dataprovider_demo1" name="kite_login" time="13.137"/>
  <system-out/>
  <testcase classname="com.mycompany.app.Dataprovider_demo1" name="kite_login" time="13.486"/>
  <system-out/>
  <testcase classname="com.mycompany.app.Dataprovider_demo1" name="kite_login" time="13.863"/>
  <system-out/>
  <testcase classname="com.mycompany.app.Dataprovider_demo1" name="kite_login" time="10.721"/>
  <system-out/>
  <testcase classname="com.mycompany.app.Dataprovider_demo1" name="kite_login" time="13.636"/>
  <system-out/>
</testsuite> <!-- com.mycompany.app.Dataprovider_demo1 -->
