<?xml version="1.0" encoding="UTF-8"?>
<!-- Generated by org.testng.reporters.JUnitReportReporter -->
<testsuite hostname="Uttam" failures="0" tests="3" name="com.mycompany.app.SoftAssert_demo" time="3.729" errors="0" timestamp="2022-11-03T16:38:27 IST" skipped="0">
  <testcase classname="com.mycompany.app.SoftAssert_demo" name="launchBrowser" time="3.649"/>
  <system-out/>
  <testcase classname="com.mycompany.app.SoftAssert_demo" name="checktitle" time="0.070"/>
  <system-out/>
  <testcase classname="com.mycompany.app.SoftAssert_demo" name="checkURL" time="0.010"/>
  <system-out/>
</testsuite> <!-- com.mycompany.app.SoftAssert_demo -->
