<?xml version="1.0" encoding="UTF-8"?>
<!-- Generated by org.testng.reporters.JUnitReportReporter -->
<testsuite hostname="Uttam" failures="0" tests="5" name="com.mycompany.app.Dataprovider_demo" time="60.192" errors="0" timestamp="2022-11-03T16:08:39 IST" skipped="0">
  <testcase classname="com.mycompany.app.Dataprovider_demo" name="kite_login" time="12.591"/>
  <system-out/>
  <testcase classname="com.mycompany.app.Dataprovider_demo" name="kite_login" time="12.258"/>
  <system-out/>
  <testcase classname="com.mycompany.app.Dataprovider_demo" name="kite_login" time="12.992"/>
  <system-out/>
  <testcase classname="com.mycompany.app.Dataprovider_demo" name="kite_login" time="12.744"/>
  <system-out/>
  <testcase classname="com.mycompany.app.Dataprovider_demo" name="kite_login" time="9.607"/>
  <system-out/>
</testsuite> <!-- com.mycompany.app.Dataprovider_demo -->
